0 info it worked if it ends with ok
1 verbose cli [ 'node',
1 verbose cli   '/usr/local/bin/npm',
1 verbose cli   'install',
1 verbose cli   '--global',
1 verbose cli   'yo',
1 verbose cli   'bower',
1 verbose cli   'grunt-cli' ]
2 info using npm@2.10.0
3 info using node@v0.12.2
4 verbose node symlink /usr/local/bin/node
5 verbose install initial load of /usr/local/lib/package.json
6 verbose readDependencies loading dependencies from /usr/local/lib/package.json
7 silly cache add args [ 'yo', null ]
8 verbose cache add spec yo
9 silly cache add args [ 'bower', null ]
10 verbose cache add spec bower
11 silly cache add args [ 'grunt-cli', null ]
12 verbose cache add spec grunt-cli
13 silly cache add parsed spec { raw: 'yo',
13 silly cache add   scope: null,
13 silly cache add   name: 'yo',
13 silly cache add   rawSpec: '',
13 silly cache add   spec: '*',
13 silly cache add   type: 'range' }
14 silly addNamed yo@*
15 verbose addNamed "*" is a valid semver range for yo
16 silly addNameRange { name: 'yo', range: '*', hasData: false }
17 silly mapToRegistry name yo
18 silly mapToRegistry using default registry
19 silly mapToRegistry registry https://registry.npmjs.org/
20 silly mapToRegistry uri https://registry.npmjs.org/yo
21 verbose addNameRange registry:https://registry.npmjs.org/yo not in flight; fetching
22 silly cache add parsed spec { raw: 'bower',
22 silly cache add   scope: null,
22 silly cache add   name: 'bower',
22 silly cache add   rawSpec: '',
22 silly cache add   spec: '*',
22 silly cache add   type: 'range' }
23 silly addNamed bower@*
24 verbose addNamed "*" is a valid semver range for bower
25 silly addNameRange { name: 'bower', range: '*', hasData: false }
26 silly mapToRegistry name bower
27 silly mapToRegistry using default registry
28 silly mapToRegistry registry https://registry.npmjs.org/
29 silly mapToRegistry uri https://registry.npmjs.org/bower
30 verbose addNameRange registry:https://registry.npmjs.org/bower not in flight; fetching
31 silly cache add parsed spec { raw: 'grunt-cli',
31 silly cache add   scope: null,
31 silly cache add   name: 'grunt-cli',
31 silly cache add   rawSpec: '',
31 silly cache add   spec: '*',
31 silly cache add   type: 'range' }
32 silly addNamed grunt-cli@*
33 verbose addNamed "*" is a valid semver range for grunt-cli
34 silly addNameRange { name: 'grunt-cli', range: '*', hasData: false }
35 silly mapToRegistry name grunt-cli
36 silly mapToRegistry using default registry
37 silly mapToRegistry registry https://registry.npmjs.org/
38 silly mapToRegistry uri https://registry.npmjs.org/grunt-cli
39 verbose addNameRange registry:https://registry.npmjs.org/grunt-cli not in flight; fetching
40 verbose request uri https://registry.npmjs.org/grunt-cli
41 verbose request no auth needed
42 info attempt registry request try #1 at 18:39:08
43 verbose request id cde751cf4ca7a3f7
44 verbose etag "26N0GMMHEW7TF327V97DB1WS8"
45 http request GET https://registry.npmjs.org/grunt-cli
46 verbose request uri https://registry.npmjs.org/bower
47 verbose request no auth needed
48 info attempt registry request try #1 at 18:39:08
49 verbose etag "99ROKBKO7EECA5RGJQMGLHXGA"
50 http request GET https://registry.npmjs.org/bower
51 verbose request uri https://registry.npmjs.org/yo
52 verbose request no auth needed
53 info attempt registry request try #1 at 18:39:08
54 verbose etag "42666NJB8YSLAMLNEDMIETWW1"
55 http request GET https://registry.npmjs.org/yo
56 http 304 https://registry.npmjs.org/grunt-cli
57 silly get cb [ 304,
57 silly get   { date: 'Fri, 26 Jun 2015 01:39:09 GMT',
57 silly get     via: '1.1 varnish',
57 silly get     'cache-control': 'max-age=60',
57 silly get     etag: '"26N0GMMHEW7TF327V97DB1WS8"',
57 silly get     age: '26',
57 silly get     connection: 'keep-alive',
57 silly get     'x-served-by': 'cache-sjc3123-SJC',
57 silly get     'x-cache': 'HIT',
57 silly get     'x-cache-hits': '1',
57 silly get     'x-timer': 'S1435282749.773088,VS0,VE0',
57 silly get     vary: 'Accept' } ]
58 verbose etag https://registry.npmjs.org/grunt-cli from cache
59 verbose get saving grunt-cli to /Users/alexandermireles/.npm/registry.npmjs.org/grunt-cli/.cache.json
60 http 304 https://registry.npmjs.org/yo
61 silly get cb [ 304,
61 silly get   { date: 'Fri, 26 Jun 2015 01:39:09 GMT',
61 silly get     via: '1.1 varnish',
61 silly get     'cache-control': 'max-age=60',
61 silly get     etag: '"42666NJB8YSLAMLNEDMIETWW1"',
61 silly get     age: '29',
61 silly get     connection: 'keep-alive',
61 silly get     'x-served-by': 'cache-sjc3131-SJC',
61 silly get     'x-cache': 'HIT',
61 silly get     'x-cache-hits': '1',
61 silly get     'x-timer': 'S1435282749.773238,VS0,VE0',
61 silly get     vary: 'Accept' } ]
62 verbose etag https://registry.npmjs.org/yo from cache
63 verbose get saving yo to /Users/alexandermireles/.npm/registry.npmjs.org/yo/.cache.json
64 silly addNameRange number 2 { name: 'yo', range: '*', hasData: true }
65 silly addNameRange versions [ 'yo',
65 silly addNameRange   [ '1.1.0',
65 silly addNameRange     '1.1.1',
65 silly addNameRange     '1.1.2',
65 silly addNameRange     '1.2.0',
65 silly addNameRange     '1.2.1',
65 silly addNameRange     '1.3.0',
65 silly addNameRange     '1.3.2',
65 silly addNameRange     '1.3.3',
65 silly addNameRange     '1.4.1',
65 silly addNameRange     '1.4.2',
65 silly addNameRange     '1.4.4',
65 silly addNameRange     '1.4.5',
65 silly addNameRange     '1.4.6',
65 silly addNameRange     '1.4.7' ] ]
66 silly addNamed yo@1.4.7
67 verbose addNamed "1.4.7" is a plain semver version for yo
68 silly addNameRange number 2 { name: 'grunt-cli', range: '*', hasData: true }
69 silly addNameRange versions [ 'grunt-cli',
69 silly addNameRange   [ '0.1.0',
69 silly addNameRange     '0.1.1',
69 silly addNameRange     '0.1.2',
69 silly addNameRange     '0.1.3',
69 silly addNameRange     '0.1.4',
69 silly addNameRange     '0.1.5',
69 silly addNameRange     '0.1.6',
69 silly addNameRange     '0.1.7',
69 silly addNameRange     '0.1.8',
69 silly addNameRange     '0.1.9',
69 silly addNameRange     '0.1.10',
69 silly addNameRange     '0.1.11',
69 silly addNameRange     '0.1.12',
69 silly addNameRange     '0.1.13' ] ]
70 silly addNamed grunt-cli@0.1.13
71 verbose addNamed "0.1.13" is a plain semver version for grunt-cli
72 silly cache afterAdd yo@1.4.7
73 verbose afterAdd /Users/alexandermireles/.npm/yo/1.4.7/package/package.json not in flight; writing
74 verbose afterAdd /Users/alexandermireles/.npm/yo/1.4.7/package/package.json written
75 silly cache afterAdd grunt-cli@0.1.13
76 verbose afterAdd /Users/alexandermireles/.npm/grunt-cli/0.1.13/package/package.json not in flight; writing
77 verbose afterAdd /Users/alexandermireles/.npm/grunt-cli/0.1.13/package/package.json written
78 http 200 https://registry.npmjs.org/bower
79 silly get cb [ 200,
79 silly get   { server: 'CouchDB/1.5.0 (Erlang OTP/R16B03)',
79 silly get     etag: '"F5DZ09SKDJ5DLFDPVBOP8TZTX"',
79 silly get     'content-type': 'application/json',
79 silly get     'cache-control': 'max-age=60',
79 silly get     'content-length': '112449',
79 silly get     'accept-ranges': 'bytes',
79 silly get     date: 'Fri, 26 Jun 2015 01:39:08 GMT',
79 silly get     via: '1.1 varnish',
79 silly get     age: '50',
79 silly get     connection: 'keep-alive',
79 silly get     'x-served-by': 'cache-sjc3121-SJC',
79 silly get     'x-cache': 'HIT',
79 silly get     'x-cache-hits': '1',
79 silly get     'x-timer': 'S1435282748.722001,VS0,VE0',
79 silly get     vary: 'Accept' } ]
80 verbose get saving bower to /Users/alexandermireles/.npm/registry.npmjs.org/bower/.cache.json
81 silly addNameRange number 2 { name: 'bower', range: '*', hasData: true }
82 silly addNameRange versions [ 'bower',
82 silly addNameRange   [ '0.1.0',
82 silly addNameRange     '0.1.2',
82 silly addNameRange     '0.1.3',
82 silly addNameRange     '0.2.0',
82 silly addNameRange     '0.3.0',
82 silly addNameRange     '0.3.1',
82 silly addNameRange     '0.3.2',
82 silly addNameRange     '0.4.0',
82 silly addNameRange     '0.5.0',
82 silly addNameRange     '0.5.1',
82 silly addNameRange     '0.6.0',
82 silly addNameRange     '0.6.1',
82 silly addNameRange     '0.6.2',
82 silly addNameRange     '0.6.3',
82 silly addNameRange     '0.6.4',
82 silly addNameRange     '0.6.5',
82 silly addNameRange     '0.6.6',
82 silly addNameRange     '0.6.7',
82 silly addNameRange     '0.6.8',
82 silly addNameRange     '0.7.0',
82 silly addNameRange     '0.7.1',
82 silly addNameRange     '0.8.0',
82 silly addNameRange     '0.8.1',
82 silly addNameRange     '0.8.2',
82 silly addNameRange     '0.8.3',
82 silly addNameRange     '0.8.4',
82 silly addNameRange     '0.8.5',
82 silly addNameRange     '0.8.6',
82 silly addNameRange     '0.9.0',
82 silly addNameRange     '0.9.1',
82 silly addNameRange     '0.9.2',
82 silly addNameRange     '0.10.0',
82 silly addNameRange     '1.0.0',
82 silly addNameRange     '1.0.1',
82 silly addNameRange     '1.0.2',
82 silly addNameRange     '1.0.3',
82 silly addNameRange     '1.1.0',
82 silly addNameRange     '1.1.1',
82 silly addNameRange     '1.1.2',
82 silly addNameRange     '1.2.0',
82 silly addNameRange     '1.2.1',
82 silly addNameRange     '1.2.2',
82 silly addNameRange     '1.2.3',
82 silly addNameRange     '1.2.4',
82 silly addNameRange     '1.2.5',
82 silly addNameRange     '1.2.6',
82 silly addNameRange     '1.2.7',
82 silly addNameRange     '1.2.8',
82 silly addNameRange     '1.3.0',
82 silly addNameRange     '1.3.1',
82 silly addNameRange     '1.3.2',
82 silly addNameRange     '1.3.3',
82 silly addNameRange     '1.3.4',
82 silly addNameRange     '1.3.5',
82 silly addNameRange     '1.3.6',
82 silly addNameRange     '1.3.7',
82 silly addNameRange     '1.3.8',
82 silly addNameRange     '1.3.9',
82 silly addNameRange     '1.3.10',
82 silly addNameRange     '1.3.11',
82 silly addNameRange     '1.3.12',
82 silly addNameRange     '1.4.0',
82 silly addNameRange     '1.4.1' ] ]
83 silly addNamed bower@1.4.1
84 verbose addNamed "1.4.1" is a plain semver version for bower
85 silly cache afterAdd bower@1.4.1
86 verbose afterAdd /Users/alexandermireles/.npm/bower/1.4.1/package/package.json not in flight; writing
87 verbose afterAdd /Users/alexandermireles/.npm/bower/1.4.1/package/package.json written
88 silly install resolved [ { name: 'yo',
88 silly install resolved     version: '1.4.7',
88 silly install resolved     description: 'CLI tool for running Yeoman generators',
88 silly install resolved     license: 'BSD-2-Clause',
88 silly install resolved     bin: { yo: 'lib/cli.js' },
88 silly install resolved     author: { name: 'Yeoman' },
88 silly install resolved     repository: { type: 'git', url: 'git+https://github.com/yeoman/yo.git' },
88 silly install resolved     engines: { node: '>=0.10.0', npm: '>=2.8.0' },
88 silly install resolved     scripts:
88 silly install resolved      { test: 'jshint . && mocha test/**/*.js',
88 silly install resolved        postinstall: 'yodoctor',
88 silly install resolved        postupdate: 'yodoctor',
88 silly install resolved        prepublish: 'nsp audit-package' },
88 silly install resolved     files: [ 'lib' ],
88 silly install resolved     keywords:
88 silly install resolved      [ 'cli-app',
88 silly install resolved        'cli',
88 silly install resolved        'bin',
88 silly install resolved        'front-end',
88 silly install resolved        'development',
88 silly install resolved        'dev',
88 silly install resolved        'build',
88 silly install resolved        'web',
88 silly install resolved        'tool',
88 silly install resolved        'scaffold',
88 silly install resolved        'stack',
88 silly install resolved        'yeoman',
88 silly install resolved        'generator',
88 silly install resolved        'generate',
88 silly install resolved        'app',
88 silly install resolved        'boilerplate' ],
88 silly install resolved     dependencies:
88 silly install resolved      { 'array-uniq': '^1.0.2',
88 silly install resolved        async: '^1.0.0',
88 silly install resolved        chalk: '^1.0.0',
88 silly install resolved        configstore: '^1.0.0',
88 silly install resolved        'cross-spawn': '^0.4.0',
88 silly install resolved        figures: '^1.3.5',
88 silly install resolved        findup: '^0.1.5',
88 silly install resolved        fullname: '^1.0.0',
88 silly install resolved        got: '^3.2.0',
88 silly install resolved        'humanize-string': '^1.0.0',
88 silly install resolved        inquirer: '^0.8.0',
88 silly install resolved        insight: '^0.6.0',
88 silly install resolved        lodash: '^3.2.0',
88 silly install resolved        meow: '^3.0.0',
88 silly install resolved        'npm-keyword': '^1.1.1',
88 silly install resolved        opn: '^1.0.0',
88 silly install resolved        'package-json': '^1.1.0',
88 silly install resolved        repeating: '^1.1.2',
88 silly install resolved        'root-check': '^1.0.0',
88 silly install resolved        'sort-on': '^1.0.0',
88 silly install resolved        'string-length': '^1.0.0',
88 silly install resolved        titleize: '^1.0.0',
88 silly install resolved        'update-notifier': '^0.5.0',
88 silly install resolved        'user-home': '^1.1.0',
88 silly install resolved        'yeoman-character': '^1.0.0',
88 silly install resolved        'yeoman-doctor': '^1.0.0',
88 silly install resolved        'yeoman-environment': '^1.0.1',
88 silly install resolved        yosay: '^1.0.0' },
88 silly install resolved     devDependencies:
88 silly install resolved      { jshint: '^2.5.11',
88 silly install resolved        mocha: '^2.1.0',
88 silly install resolved        mockery: '^1.4.0',
88 silly install resolved        nock: '^2.0.1',
88 silly install resolved        nsp: '*',
88 silly install resolved        proxyquire: '^1.0.1',
88 silly install resolved        'registry-url': '^3.0.0',
88 silly install resolved        sinon: '^1.12.1' },
88 silly install resolved     preferGlobal: true,
88 silly install resolved     gitHead: '675d647162f1ecd7f290995078cf8ab42756bf9d',
88 silly install resolved     bugs: { url: 'https://github.com/yeoman/yo/issues' },
88 silly install resolved     homepage: 'https://github.com/yeoman/yo',
88 silly install resolved     _id: 'yo@1.4.7',
88 silly install resolved     _shasum: '7eecb354f6f4df2dafbc2da53d30f7f7fafcb450',
88 silly install resolved     _from: 'yo@*',
88 silly install resolved     _npmVersion: '2.10.1',
88 silly install resolved     _nodeVersion: '0.12.4',
88 silly install resolved     _npmUser: { name: 'sindresorhus', email: 'sindresorhus@gmail.com' },
88 silly install resolved     dist:
88 silly install resolved      { shasum: '7eecb354f6f4df2dafbc2da53d30f7f7fafcb450',
88 silly install resolved        tarball: 'http://registry.npmjs.org/yo/-/yo-1.4.7.tgz' },
88 silly install resolved     maintainers: [ [Object], [Object], [Object], [Object], [Object], [Object] ],
88 silly install resolved     directories: {},
88 silly install resolved     _resolved: 'https://registry.npmjs.org/yo/-/yo-1.4.7.tgz',
88 silly install resolved     readme: 'ERROR: No README data found!' },
88 silly install resolved   { name: 'grunt-cli',
88 silly install resolved     description: 'The grunt command line interface.',
88 silly install resolved     version: '0.1.13',
88 silly install resolved     author: { name: 'Grunt Team' },
88 silly install resolved     homepage: 'http://gruntjs.com/',
88 silly install resolved     repository: { type: 'git', url: 'git://github.com/gruntjs/grunt-cli.git' },
88 silly install resolved     bugs: { url: 'http://github.com/gruntjs/grunt-cli/issues' },
88 silly install resolved     licenses: [ [Object] ],
88 silly install resolved     bin: { grunt: 'bin/grunt' },
88 silly install resolved     engines: { node: '>= 0.8.0' },
88 silly install resolved     scripts: { test: 'node bin/grunt test' },
88 silly install resolved     preferGlobal: true,
88 silly install resolved     dependencies: { nopt: '~1.0.10', 'findup-sync': '~0.1.0', resolve: '~0.3.1' },
88 silly install resolved     devDependencies: { grunt: '~0.4.0', 'grunt-contrib-jshint': '~0.2.0' },
88 silly install resolved     contributors: [ [Object], [Object], [Object], [Object] ],
88 silly install resolved     _id: 'grunt-cli@0.1.13',
88 silly install resolved     dist:
88 silly install resolved      { shasum: 'e9ebc4047631f5012d922770c39378133cad10f4',
88 silly install resolved        tarball: 'http://registry.npmjs.org/grunt-cli/-/grunt-cli-0.1.13.tgz' },
88 silly install resolved     _from: 'grunt-cli@*',
88 silly install resolved     _npmVersion: '1.3.24',
88 silly install resolved     _npmUser: { name: 'tkellen', email: 'tyler@sleekcode.net' },
88 silly install resolved     maintainers: [ [Object] ],
88 silly install resolved     directories: {},
88 silly install resolved     _shasum: 'e9ebc4047631f5012d922770c39378133cad10f4',
88 silly install resolved     _resolved: 'https://registry.npmjs.org/grunt-cli/-/grunt-cli-0.1.13.tgz',
88 silly install resolved     readme: 'ERROR: No README data found!' },
88 silly install resolved   { name: 'bower',
88 silly install resolved     version: '1.4.1',
88 silly install resolved     description: 'The browser package manager',
88 silly install resolved     author: { name: 'Twitter' },
88 silly install resolved     licenses: [ [Object] ],
88 silly install resolved     repository: { type: 'git', url: 'git+https://github.com/bower/bower.git' },
88 silly install resolved     main: 'lib',
88 silly install resolved     homepage: 'http://bower.io',
88 silly install resolved     engines: { node: '>=0.10.0' },
88 silly install resolved     dependencies:
88 silly install resolved      { abbrev: '^1.0.5',
88 silly install resolved        archy: '1.0.0',
88 silly install resolved        'bower-config': '^0.6.1',
88 silly install resolved        'bower-endpoint-parser': '^0.2.2',
88 silly install resolved        'bower-json': '^0.4.0',
88 silly install resolved        'bower-logger': '^0.2.2',
88 silly install resolved        'bower-registry-client': '^0.3.0',
88 silly install resolved        cardinal: '0.4.4',
88 silly install resolved        chalk: '^1.0.0',
88 silly install resolved        chmodr: '0.1.0',
88 silly install resolved        configstore: '^0.3.2',
88 silly install resolved        'decompress-zip': '^0.1.0',
88 silly install resolved        fstream: '^1.0.3',
88 silly install resolved        'fstream-ignore': '^1.0.2',
88 silly install resolved        github: '^0.2.3',
88 silly install resolved        glob: '^4.3.2',
88 silly install resolved        'graceful-fs': '^3.0.5',
88 silly install resolved        handlebars: '^2.0.0',
88 silly install resolved        inquirer: '0.8.0',
88 silly install resolved        insight: '^0.5.0',
88 silly install resolved        'is-root': '^1.0.0',
88 silly install resolved        junk: '^1.0.0',
88 silly install resolved        lockfile: '^1.0.0',
88 silly install resolved        'lru-cache': '^2.5.0',
88 silly install resolved        mkdirp: '0.5.0',
88 silly install resolved        mout: '^0.11.0',
88 silly install resolved        nopt: '^3.0.1',
88 silly install resolved        opn: '^1.0.1',
88 silly install resolved        'p-throttler': '0.1.1',
88 silly install resolved        promptly: '0.2.0',
88 silly install resolved        q: '^1.1.2',
88 silly install resolved        request: '2.53.0',
88 silly install resolved        'request-progress': '0.3.1',
88 silly install resolved        retry: '0.6.1',
88 silly install resolved        rimraf: '^2.2.8',
88 silly install resolved        semver: '^2.3.0',
88 silly install resolved        'shell-quote': '^1.4.2',
88 silly install resolved        'stringify-object': '^1.0.0',
88 silly install resolved        'tar-fs': '^1.4.1',
88 silly install resolved        tmp: '0.0.24',
88 silly install resolved        'update-notifier': '^0.3.0',
88 silly install resolved        'user-home': '^1.1.0',
88 silly install resolved        which: '^1.0.8' },
88 silly install resolved     devDependencies:
88 silly install resolved      { chai: '^1.10.0',
88 silly install resolved        coveralls: '^2.11.2',
88 silly install resolved        'expect.js': '^0.3.1',
88 silly install resolved        grunt: '^0.4.5',
88 silly install resolved        'grunt-cli': '^0.1.13',
88 silly install resolved        'grunt-contrib-jshint': '^0.10.0',
88 silly install resolved        'grunt-contrib-watch': '^0.6.1',
88 silly install resolved        'grunt-exec': '^0.4.6',
88 silly install resolved        'grunt-simple-mocha': '^0.4.0',
88 silly install resolved        istanbul: '^0.3.5',
88 silly install resolved        'load-grunt-tasks': '^2.0.0',
88 silly install resolved        mocha: '^2.1.0',
88 silly install resolved        multiline: '^1.0.2',
88 silly install resolved        nock: '^0.56.0',
88 silly install resolved        'node-uuid': '^1.4.2',
88 silly install resolved        proxyquire: '^1.3.0',
88 silly install resolved        'spawn-sync': '^1.0.5' },
88 silly install resolved     scripts: { test: 'grunt test' },
88 silly install resolved     bin: { bower: 'bin/bower' },
88 silly install resolved     preferGlobal: true,
88 silly install resolved     gitHead: 'a1287416d40f944d58cb8f2e774e2076bfffd32f',
88 silly install resolved     bugs: { url: 'https://github.com/bower/bower/issues' },
88 silly install resolved     _id: 'bower@1.4.1',
88 silly install resolved     _shasum: 'a18be39d030792754f30f1c5b32d37b0156ba8dd',
88 silly install resolved     _from: 'bower@*',
88 silly install resolved     _npmVersion: '2.7.4',
88 silly install resolved     _nodeVersion: '0.12.0',
88 silly install resolved     _npmUser: { name: 'sheerun', email: 'sheerun@sher.pl' },
88 silly install resolved     maintainers: [ [Object], [Object], [Object], [Object], [Object], [Object] ],
88 silly install resolved     dist:
88 silly install resolved      { shasum: 'a18be39d030792754f30f1c5b32d37b0156ba8dd',
88 silly install resolved        tarball: 'http://registry.npmjs.org/bower/-/bower-1.4.1.tgz' },
88 silly install resolved     directories: {},
88 silly install resolved     _resolved: 'https://registry.npmjs.org/bower/-/bower-1.4.1.tgz',
88 silly install resolved     readme: 'ERROR: No README data found!' } ]
89 info install yo@1.4.7 into /usr/local/lib
90 info install grunt-cli@0.1.13 into /usr/local/lib
91 info install bower@1.4.1 into /usr/local/lib
92 info installOne yo@1.4.7
93 verbose installOne of yo to /usr/local/lib not in flight; installing
94 info installOne grunt-cli@0.1.13
95 verbose installOne of grunt-cli to /usr/local/lib not in flight; installing
96 info installOne bower@1.4.1
97 verbose installOne of bower to /usr/local/lib not in flight; installing
98 warn locking Error: EACCES, open '/Users/alexandermireles/.npm/_locks/yo-c80abb7e04f27e35.lock'
98 warn locking     at Error (native)
98 warn locking  /Users/alexandermireles/.npm/_locks/yo-c80abb7e04f27e35.lock failed { [Error: EACCES, open '/Users/alexandermireles/.npm/_locks/yo-c80abb7e04f27e35.lock']
98 warn locking   errno: -13,
98 warn locking   code: 'EACCES',
98 warn locking   path: '/Users/alexandermireles/.npm/_locks/yo-c80abb7e04f27e35.lock' }
99 verbose stack Error: Attempt to unlock /usr/local/lib/node_modules/yo, which hasn't been locked
99 verbose stack     at unlock (/usr/local/lib/node_modules/npm/lib/utils/locker.js:66:11)
99 verbose stack     at cb (/usr/local/lib/node_modules/npm/lib/install.js:1017:5)
99 verbose stack     at /usr/local/lib/node_modules/npm/lib/install.js:1021:20
99 verbose stack     at /usr/local/lib/node_modules/npm/lib/utils/locker.js:40:9
99 verbose stack     at cb (/usr/local/lib/node_modules/npm/node_modules/lockfile/lockfile.js:149:38)
99 verbose stack     at /usr/local/lib/node_modules/npm/node_modules/lockfile/lockfile.js:177:38
99 verbose stack     at FSReqWrap.oncomplete (fs.js:95:15)
100 verbose cwd /Users/alexandermireles/wdiworkspace/TripVu
101 error Darwin 14.3.0
102 error argv "node" "/usr/local/bin/npm" "install" "--global" "yo" "bower" "grunt-cli"
103 error node v0.12.2
104 error npm  v2.10.0
105 error Attempt to unlock /usr/local/lib/node_modules/yo, which hasn't been locked
106 error If you need help, you may report this error at:
106 error     <https://github.com/npm/npm/issues>
107 verbose exit [ 1, true ]
